<?xml version="1.0" encoding="UTF-8"?>
<!-- Generated by org.testng.reporters.JUnitXMLReporter -->
<testsuite hostname="DESKTOP-2GAFP9O" ignored="0" name="Test" tests="4" failures="0" timestamp="09 Oct 2021 18:11:58 GMT" time="0.072" errors="0">
  <testcase name="tc1" time="0.016" classname="org.testng.xml.ClassA"/>
  <testcase name="tc2" time="0.0" classname="org.testng.xml.ClassA"/>
  <testcase name="tc1" time="0.0" classname="org.testng.xml.ClasB"/>
  <testcase name="tc2" time="0.0" classname="org.testng.xml.ClasB"/>
</testsuite> <!-- Test -->
